c:\users\billy\source\repos\advancedprogrammingassignment\advancedprogrammingassignment\x64\debug\vc143.pdb
c:\users\billy\source\repos\advancedprogrammingassignment\advancedprogrammingassignment\x64\debug\vc143.idb
c:\users\billy\source\repos\advancedprogrammingassignment\advancedprogrammingassignment\x64\debug\advancedprogrammingassignment.nativecodeanalysis.sarif
c:\users\billy\source\repos\advancedprogrammingassignment\advancedprogrammingassignment\x64\debug\advancedprogrammingassignment.nativecodeanalysis.xml
c:\users\billy\source\repos\advancedprogrammingassignment\advancedprogrammingassignment\x64\debug\device.nativecodeanalysis.sarif
c:\users\billy\source\repos\advancedprogrammingassignment\advancedprogrammingassignment\x64\debug\device.nativecodeanalysis.xml
c:\users\billy\source\repos\advancedprogrammingassignment\advancedprogrammingassignment\x64\debug\light.nativecodeanalysis.sarif
c:\users\billy\source\repos\advancedprogrammingassignment\advancedprogrammingassignment\x64\debug\light.nativecodeanalysis.xml
c:\users\billy\source\repos\advancedprogrammingassignment\advancedprogrammingassignment\x64\debug\speaker.nativecodeanalysis.sarif
c:\users\billy\source\repos\advancedprogrammingassignment\advancedprogrammingassignment\x64\debug\speaker.nativecodeanalysis.xml
c:\users\billy\source\repos\advancedprogrammingassignment\advancedprogrammingassignment\x64\debug\speaker.obj
c:\users\billy\source\repos\advancedprogrammingassignment\advancedprogrammingassignment\x64\debug\light.obj
c:\users\billy\source\repos\advancedprogrammingassignment\advancedprogrammingassignment\x64\debug\device.obj
c:\users\billy\source\repos\advancedprogrammingassignment\advancedprogrammingassignment\x64\debug\advancedprogrammingassignment.obj
c:\users\billy\source\repos\advancedprogrammingassignment\advancedprogrammingassignment\x64\debug\temperaturehumiditysensor.obj
c:\users\billy\source\repos\advancedprogrammingassignment\advancedprogrammingassignment\x64\debug\socket.obj
c:\users\billy\source\repos\advancedprogrammingassignment\advancedprogrammingassignment\x64\debug\radiatorvalve.obj
c:\users\billy\source\repos\advancedprogrammingassignment\advancedprogrammingassignment\x64\debug\heatingthermostat.obj
c:\users\billy\source\repos\advancedprogrammingassignment\advancedprogrammingassignment\x64\debug\advancedprogrammingassignment.ilk
c:\users\billy\source\repos\advancedprogrammingassignment\advancedprogrammingassignment\x64\debug\vc.nativecodeanalysis.all.xml
c:\users\billy\source\repos\advancedprogrammingassignment\x64\debug\advancedprogrammingassignment.pdb
c:\users\billy\source\repos\advancedprogrammingassignment\advancedprogrammingassignment\x64\debug\advanced.d6868338.tlog\cl.command.1.tlog
c:\users\billy\source\repos\advancedprogrammingassignment\advancedprogrammingassignment\x64\debug\advanced.d6868338.tlog\cl.items.tlog
c:\users\billy\source\repos\advancedprogrammingassignment\advancedprogrammingassignment\x64\debug\advanced.d6868338.tlog\cl.read.1.tlog
c:\users\billy\source\repos\advancedprogrammingassignment\advancedprogrammingassignment\x64\debug\advanced.d6868338.tlog\cl.write.1.tlog
c:\users\billy\source\repos\advancedprogrammingassignment\advancedprogrammingassignment\x64\debug\advanced.d6868338.tlog\link-cvtres.read.1.tlog
c:\users\billy\source\repos\advancedprogrammingassignment\advancedprogrammingassignment\x64\debug\advanced.d6868338.tlog\link-cvtres.write.1.tlog
c:\users\billy\source\repos\advancedprogrammingassignment\advancedprogrammingassignment\x64\debug\advanced.d6868338.tlog\link-rc.read.1.tlog
c:\users\billy\source\repos\advancedprogrammingassignment\advancedprogrammingassignment\x64\debug\advanced.d6868338.tlog\link-rc.write.1.tlog
c:\users\billy\source\repos\advancedprogrammingassignment\advancedprogrammingassignment\x64\debug\advanced.d6868338.tlog\link.9244-cvtres.read.1.tlog
c:\users\billy\source\repos\advancedprogrammingassignment\advancedprogrammingassignment\x64\debug\advanced.d6868338.tlog\link.9244-cvtres.write.1.tlog
c:\users\billy\source\repos\advancedprogrammingassignment\advancedprogrammingassignment\x64\debug\advanced.d6868338.tlog\link.9244-rc.read.1.tlog
c:\users\billy\source\repos\advancedprogrammingassignment\advancedprogrammingassignment\x64\debug\advanced.d6868338.tlog\link.9244-rc.write.1.tlog
c:\users\billy\source\repos\advancedprogrammingassignment\advancedprogrammingassignment\x64\debug\advanced.d6868338.tlog\link.9244.read.1.tlog
c:\users\billy\source\repos\advancedprogrammingassignment\advancedprogrammingassignment\x64\debug\advanced.d6868338.tlog\link.9244.read.2.tlog
c:\users\billy\source\repos\advancedprogrammingassignment\advancedprogrammingassignment\x64\debug\advanced.d6868338.tlog\link.9244.write.1.tlog
c:\users\billy\source\repos\advancedprogrammingassignment\advancedprogrammingassignment\x64\debug\advanced.d6868338.tlog\link.command.1.tlog
c:\users\billy\source\repos\advancedprogrammingassignment\advancedprogrammingassignment\x64\debug\advanced.d6868338.tlog\link.read.1.tlog
c:\users\billy\source\repos\advancedprogrammingassignment\advancedprogrammingassignment\x64\debug\advanced.d6868338.tlog\link.read.2.tlog
c:\users\billy\source\repos\advancedprogrammingassignment\advancedprogrammingassignment\x64\debug\advanced.d6868338.tlog\link.secondary.1.tlog
c:\users\billy\source\repos\advancedprogrammingassignment\advancedprogrammingassignment\x64\debug\advanced.d6868338.tlog\link.write.1.tlog
